2021-09-04 00:57:28 - Starting C:\Program Files\nodejs\node.exe  --harmony --max_old_space_size=4096 E:\workspace\infinix\client_infinix\node_modules\node-windows\lib\wrapper.js --file E:\workspace\infinix\client_infinix\bootstrap.js --scriptoptions= --log "Angular - Infinix wrapper" --grow 0.25 --wait 1 --maxrestarts 3 --abortonerror n --stopparentfirst undefined
2021-09-04 00:57:28 - Started 1060
2021-09-04 00:58:13 - Starting C:\Program Files\nodejs\node.exe  --harmony --max_old_space_size=4096 E:\workspace\infinix\client_infinix\node_modules\node-windows\lib\wrapper.js --file E:\workspace\infinix\client_infinix\bootstrap.js --scriptoptions= --log "Angular - Infinix wrapper" --grow 0.25 --wait 1 --maxrestarts 3 --abortonerror n --stopparentfirst undefined
2021-09-04 00:58:13 - Started 17104
2021-09-04 00:58:36 - Starting C:\Program Files\nodejs\node.exe  --harmony --max_old_space_size=4096 E:\workspace\infinix\client_infinix\node_modules\node-windows\lib\wrapper.js --file E:\workspace\infinix\client_infinix\bootstrap.js --scriptoptions= --log "Angular - Infinix wrapper" --grow 0.25 --wait 1 --maxrestarts 3 --abortonerror n --stopparentfirst undefined
2021-09-04 00:58:36 - Started 24672
2021-09-04 08:53:22 - Starting C:\Program Files\nodejs\node.exe  --harmony --max_old_space_size=4096 E:\workspace\infinix\client_infinix\node_modules\node-windows\lib\wrapper.js --file E:\workspace\infinix\client_infinix\bootstrap.js --scriptoptions= --log "Angular - Infinix wrapper" --grow 0.25 --wait 1 --maxrestarts 3 --abortonerror n --stopparentfirst undefined
2021-09-04 08:53:22 - Started 6868
2021-09-04 09:07:32 - Stopping angularinfinix.exe
2021-09-04 09:07:32 - ProcessKill 6868
2021-09-04 09:07:32 - Found child process: 6884 Name: conhost.exe
2021-09-04 09:07:32 - Found child process: 3928 Name: node.exe
2021-09-04 09:07:32 - Stopping process 6884
2021-09-04 09:07:32 - Send SIGINT 6884
2021-09-04 09:07:32 - SIGINT to 6884 failed - Killing as fallback
2021-09-04 09:07:32 - Stopping process 3928
2021-09-04 09:07:32 - Send SIGINT 3928
2021-09-04 09:07:32 - SIGINT to 3928 failed - Killing as fallback
2021-09-04 09:07:32 - Stopping process 6868
2021-09-04 09:07:32 - Send SIGINT 6868
2021-09-04 09:07:32 - SIGINT to 6868 failed - Killing as fallback
2021-09-04 09:07:32 - Finished angularinfinix.exe
2021-09-04 15:58:14 - Starting C:\Program Files\nodejs\node.exe  --harmony --max_old_space_size=4096 E:\workspace\infinix\client_infinix\node_modules\node-windows\lib\wrapper.js --file E:\workspace\infinix\client_infinix\bootstrap.js --scriptoptions= --log "Angular - Infinix wrapper" --grow 0.25 --wait 1 --maxrestarts 3 --abortonerror n --stopparentfirst undefined
2021-09-04 15:58:15 - Started 21328
